\BOOKMARK [1][-]{section.1}{\376\377\000A\000\040\000T\000h\000e\000o\000r\000e\000t\000i\000c\000i\000a\000n\000'\000s\000\040\000G\000u\000i\000d\000e\000\040\000t\000o\000\040\000t\000h\000e\000\040\000E\000x\000p\000e\000r\000i\000m\000e\000n\000t\000a\000l\000\040\000A\000n\000a\000l\000y\000s\000i\000s\000\040\000o\000f\000\040\000A\000l\000g\000o\000r\000i\000t\000h\000m\000s}{}% 1
\BOOKMARK [2][-]{subsection.1.1}{\376\377\000G\000e\000n\000e\000r\000a\000l\000\040\000N\000o\000t\000e\000s}{section.1}% 2
\BOOKMARK [3][-]{subsubsection.1.1.1}{\376\377\000G\000o\000v\000e\000r\000n\000i\000n\000g\000\040\000P\000r\000i\000n\000c\000i\000p\000l\000e\000s}{subsection.1.1}% 3
\BOOKMARK [3][-]{subsubsection.1.1.2}{\376\377\000P\000o\000s\000s\000i\000b\000l\000e\000\040\000Q\000u\000e\000s\000t\000i\000o\000n\000s}{subsection.1.1}% 4
\BOOKMARK [3][-]{subsubsection.1.1.3}{\376\377\000W\000h\000o\000m\000\040\000c\000a\000n\000\040\000y\000o\000u\000\040\000t\000r\000u\000s\000t\000?}{subsection.1.1}% 5
\BOOKMARK [2][-]{subsection.1.2}{\376\377\000P\000a\000p\000e\000r\000\040\000R\000e\000v\000i\000e\000w}{section.1}% 6
\BOOKMARK [3][-]{subsubsection.1.2.1}{\376\377\000M\000o\000t\000i\000v\000a\000t\000i\000o\000n}{subsection.1.2}% 7
\BOOKMARK [3][-]{subsubsection.1.2.2}{\376\377\000K\000e\000y\000\040\000I\000d\000e\000a\000s\000/\000R\000e\000s\000u\000l\000t\000s}{subsection.1.2}% 8
\BOOKMARK [3][-]{subsubsection.1.2.3}{\376\377\000P\000e\000t\000\040\000P\000e\000e\000v\000e\000s}{subsection.1.2}% 9
\BOOKMARK [3][-]{subsubsection.1.2.4}{\376\377\000P\000i\000t\000f\000a\000l\000l\000s}{subsection.1.2}% 10
\BOOKMARK [3][-]{subsubsection.1.2.5}{\376\377\000S\000u\000g\000g\000e\000s\000t\000i\000o\000n\000s}{subsection.1.2}% 11
\BOOKMARK [3][-]{subsubsection.1.2.6}{\376\377\000N\000o\000v\000e\000l\000t\000y}{subsection.1.2}% 12
\BOOKMARK [3][-]{subsubsection.1.2.7}{\376\377\000S\000t\000r\000e\000n\000g\000t\000h\000s\000/\000W\000e\000a\000k\000n\000e\000s\000s\000e\000s}{subsection.1.2}% 13
\BOOKMARK [3][-]{subsubsection.1.2.8}{\376\377\000I\000d\000e\000a\000s\000\040\000f\000o\000r\000\040\000I\000m\000p\000r\000o\000v\000i\000n\000g\000\040\000T\000e\000c\000h\000n\000i\000q\000u\000e\000s\000/\000E\000v\000a\000l\000u\000a\000t\000i\000o\000n}{subsection.1.2}% 14
\BOOKMARK [3][-]{subsubsection.1.2.9}{\376\377\000O\000p\000e\000n\000\040\000P\000r\000o\000b\000l\000e\000m\000s\000/\000D\000i\000r\000e\000c\000t\000i\000o\000n\000s\000\040\000f\000o\000r\000\040\000F\000u\000t\000u\000r\000e\000\040\000W\000o\000r\000k}{subsection.1.2}% 15
\BOOKMARK [1][-]{section.2}{\376\377\000A\000l\000g\000o\000r\000i\000t\000h\000m\000\040\000E\000n\000g\000i\000n\000e\000e\000r\000i\000n\000g\000:\000\040\000A\000n\000\040\000A\000t\000t\000e\000m\000p\000t\000\040\000a\000t\000\040\000D\000e\000f\000i\000n\000i\000t\000i\000o\000n}{}% 16
\BOOKMARK [2][-]{subsection.2.1}{\376\377\000G\000e\000n\000e\000r\000a\000l\000\040\000N\000o\000t\000e\000s}{section.2}% 17
\BOOKMARK [3][-]{subsubsection.2.1.1}{\376\377\000I\000n\000t\000r\000o\000d\000u\000c\000t\000i\000o\000n}{subsection.2.1}% 18
\BOOKMARK [3][-]{subsubsection.2.1.2}{\376\377\000H\000i\000s\000t\000o\000r\000y}{subsection.2.1}% 19
\BOOKMARK [3][-]{subsubsection.2.1.3}{\376\377\000M\000o\000d\000e\000l\000s}{subsection.2.1}% 20
\BOOKMARK [3][-]{subsubsection.2.1.4}{\376\377\000E\000x\000t\000e\000r\000n\000a\000l\000\040\000M\000e\000m\000o\000r\000y\000\040\000M\000o\000d\000e\000l\000\040\000\050\000I\000/\000O\000\040\000M\000o\000d\000e\000l\000\051}{subsection.2.1}% 21
\BOOKMARK [3][-]{subsubsection.2.1.5}{\376\377\000D\000e\000s\000i\000g\000n}{subsection.2.1}% 22
\BOOKMARK [3][-]{subsubsection.2.1.6}{\376\377\000M\000S\000T\000\040\000E\000x\000a\000m\000p\000l\000e}{subsection.2.1}% 23
\BOOKMARK [3][-]{subsubsection.2.1.7}{\376\377\000A\000n\000a\000l\000y\000s\000i\000s}{subsection.2.1}% 24
\BOOKMARK [3][-]{subsubsection.2.1.8}{\376\377\000I\000m\000p\000l\000e\000m\000e\000n\000t\000a\000t\000i\000o\000n}{subsection.2.1}% 25
\BOOKMARK [3][-]{subsubsection.2.1.9}{\376\377\000E\000x\000p\000e\000r\000i\000m\000e\000n\000t\000s}{subsection.2.1}% 26
\BOOKMARK [3][-]{subsubsection.2.1.10}{\376\377\000A\000l\000g\000o\000r\000i\000t\000h\000m\000\040\000L\000i\000b\000r\000a\000r\000i\000e\000s}{subsection.2.1}% 27
\BOOKMARK [3][-]{subsubsection.2.1.11}{\376\377\000I\000n\000s\000t\000a\000n\000c\000e\000s}{subsection.2.1}% 28
\BOOKMARK [2][-]{subsection.2.2}{\376\377\000P\000a\000p\000e\000r\000\040\000R\000e\000v\000i\000e\000w}{section.2}% 29
\BOOKMARK [3][-]{subsubsection.2.2.1}{\376\377\000M\000o\000t\000i\000v\000a\000t\000i\000o\000n}{subsection.2.2}% 30
\BOOKMARK [3][-]{subsubsection.2.2.2}{\376\377\000K\000e\000y\000\040\000I\000d\000e\000a\000s}{subsection.2.2}% 31
\BOOKMARK [3][-]{subsubsection.2.2.3}{\376\377\000R\000e\000s\000u\000l\000t\000s}{subsection.2.2}% 32
\BOOKMARK [3][-]{subsubsection.2.2.4}{\376\377\000N\000o\000v\000e\000l\000t\000y}{subsection.2.2}% 33
\BOOKMARK [3][-]{subsubsection.2.2.5}{\376\377\000S\000t\000r\000e\000n\000g\000t\000h\000s\000/\000W\000e\000a\000k\000n\000e\000s\000s\000e\000s}{subsection.2.2}% 34
\BOOKMARK [3][-]{subsubsection.2.2.6}{\376\377\000I\000d\000e\000a\000s\000\040\000f\000o\000r\000\040\000I\000m\000p\000r\000o\000v\000i\000n\000g\000\040\000T\000e\000c\000h\000n\000i\000q\000u\000e\000s\000/\000E\000v\000a\000l\000u\000a\000t\000i\000o\000n}{subsection.2.2}% 35
\BOOKMARK [3][-]{subsubsection.2.2.7}{\376\377\000O\000p\000e\000n\000\040\000P\000r\000o\000b\000l\000e\000m\000s\000/\000D\000i\000r\000e\000c\000t\000i\000o\000n\000s\000\040\000f\000o\000r\000\040\000F\000u\000t\000u\000r\000e\000\040\000W\000o\000r\000k}{subsection.2.2}% 36
\BOOKMARK [1][-]{section.3}{\376\377\000P\000a\000r\000a\000l\000l\000e\000l\000\040\000A\000l\000g\000o\000r\000i\000t\000h\000m\000s}{}% 37
\BOOKMARK [2][-]{subsection.3.1}{\376\377\000G\000e\000n\000e\000r\000a\000l\000\040\000N\000o\000t\000e\000s}{section.3}% 38
\BOOKMARK [2][-]{subsection.3.2}{\376\377\000M\000o\000d\000e\000l\000i\000n\000g\000\040\000P\000a\000r\000a\000l\000l\000e\000l\000\040\000C\000o\000m\000p\000u\000t\000a\000t\000i\000o\000n\000s}{section.3}% 39
\BOOKMARK [3][-]{subsubsection.3.2.1}{\376\377\000M\000u\000l\000t\000i\000p\000r\000o\000c\000e\000s\000s\000o\000r\000\040\000M\000o\000d\000e\000l\000s}{subsection.3.2}% 40
\BOOKMARK [3][-]{subsubsection.3.2.2}{\376\377\000N\000e\000t\000w\000o\000r\000k\000\040\000t\000o\000p\000o\000l\000o\000g\000y}{subsection.3.2}% 41
\BOOKMARK [3][-]{subsubsection.3.2.3}{\376\377\000P\000r\000i\000m\000i\000t\000i\000v\000e\000\040\000o\000p\000e\000r\000a\000t\000i\000o\000n\000s}{subsection.3.2}% 42
\BOOKMARK [3][-]{subsubsection.3.2.4}{\376\377\000W\000o\000r\000k\000-\000D\000e\000p\000t\000h\000\040\000M\000o\000d\000e\000l\000s}{subsection.3.2}% 43
\BOOKMARK [3][-]{subsubsection.3.2.5}{\376\377\000C\000o\000s\000t\000s}{subsection.3.2}% 44
\BOOKMARK [3][-]{subsubsection.3.2.6}{\376\377\000E\000m\000u\000l\000a\000t\000i\000o\000n\000s}{subsection.3.2}% 45
\BOOKMARK [2][-]{subsection.3.3}{\376\377\000P\000a\000r\000a\000l\000l\000e\000l\000\040\000a\000l\000g\000o\000r\000i\000t\000h\000m\000i\000c\000\040\000t\000e\000c\000h\000n\000i\000q\000u\000e\000s}{section.3}% 46
\BOOKMARK [3][-]{subsubsection.3.3.1}{\376\377\000D\000i\000v\000i\000d\000e\000-\000a\000n\000d\000-\000c\000o\000n\000q\000u\000e\000r}{subsection.3.3}% 47
\BOOKMARK [3][-]{subsubsection.3.3.2}{\376\377\000R\000a\000n\000d\000o\000m\000i\000z\000a\000t\000i\000o\000n}{subsection.3.3}% 48
\BOOKMARK [3][-]{subsubsection.3.3.3}{\376\377\000P\000a\000r\000a\000l\000l\000e\000l\000\040\000p\000o\000i\000n\000t\000e\000r\000\040\000m\000a\000n\000i\000p\000u\000l\000a\000t\000i\000o\000n}{subsection.3.3}% 49
\BOOKMARK [2][-]{subsection.3.4}{\376\377\000B\000a\000s\000i\000c\000\040\000o\000p\000e\000r\000a\000t\000i\000o\000n\000s\000\040\000o\000n\000\040\000s\000e\000q\000u\000e\000n\000c\000e\000s\000,\000\040\000l\000i\000s\000t\000s\000,\000\040\000t\000r\000e\000e\000s}{section.3}% 50
\BOOKMARK [3][-]{subsubsection.3.4.1}{\376\377\000P\000o\000i\000n\000t\000e\000r\000\040\000j\000u\000m\000p\000i\000n\000g}{subsection.3.4}% 51
\BOOKMARK [3][-]{subsubsection.3.4.2}{\376\377\000L\000i\000s\000t\000\040\000r\000a\000n\000k\000i\000n\000g}{subsection.3.4}% 52
\BOOKMARK [3][-]{subsubsection.3.4.3}{\376\377\000R\000e\000m\000o\000v\000i\000n\000g\000\040\000d\000u\000p\000l\000i\000c\000a\000t\000e\000s}{subsection.3.4}% 53
\BOOKMARK [2][-]{subsection.3.5}{\376\377\000G\000r\000a\000p\000h\000s}{section.3}% 54
\BOOKMARK [3][-]{subsubsection.3.5.1}{\376\377\000B\000F\000S}{subsection.3.5}% 55
\BOOKMARK [3][-]{subsubsection.3.5.2}{\376\377\000C\000o\000n\000n\000e\000c\000t\000e\000d\000\040\000c\000o\000m\000p\000o\000n\000e\000n\000t\000s}{subsection.3.5}% 56
\BOOKMARK [3][-]{subsubsection.3.5.3}{\376\377\000S\000p\000a\000n\000n\000i\000n\000g\000\040\000t\000r\000e\000e\000s\000\040\000a\000n\000d\000\040\000m\000i\000n\000i\000m\000u\000m\000\040\000s\000p\000a\000n\000n\000i\000n\000g\000\040\000t\000r\000e\000e\000s}{subsection.3.5}% 57
\BOOKMARK [2][-]{subsection.3.6}{\376\377\000S\000o\000r\000t\000i\000n\000g}{section.3}% 58
\BOOKMARK [3][-]{subsubsection.3.6.1}{\376\377\000Q\000u\000i\000c\000k\000S\000o\000r\000t}{subsection.3.6}% 59
\BOOKMARK [3][-]{subsubsection.3.6.2}{\376\377\000R\000a\000d\000i\000x\000\040\000s\000o\000r\000t}{subsection.3.6}% 60
\BOOKMARK [2][-]{subsection.3.7}{\376\377\000C\000o\000m\000p\000u\000t\000a\000t\000i\000o\000n\000a\000l\000\040\000g\000e\000o\000m\000e\000t\000r\000y}{section.3}% 61
\BOOKMARK [3][-]{subsubsection.3.7.1}{\376\377\000C\000l\000o\000s\000e\000s\000t\000\040\000p\000a\000i\000r}{subsection.3.7}% 62
\BOOKMARK [3][-]{subsubsection.3.7.2}{\376\377\000C\000o\000n\000v\000e\000x\000\040\000h\000u\000l\000l}{subsection.3.7}% 63
\BOOKMARK [2][-]{subsection.3.8}{\376\377\000N\000u\000m\000e\000r\000i\000c\000a\000l\000\040\000a\000l\000g\000o\000r\000i\000t\000h\000m\000s}{section.3}% 64
\BOOKMARK [3][-]{subsubsection.3.8.1}{\376\377\000M\000a\000t\000r\000i\000x\000\040\000o\000p\000e\000r\000a\000t\000i\000o\000n\000s}{subsection.3.8}% 65
\BOOKMARK [3][-]{subsubsection.3.8.2}{\376\377\000F\000o\000u\000r\000i\000e\000r\000\040\000t\000r\000a\000n\000s\000f\000o\000r\000m}{subsection.3.8}% 66
\BOOKMARK [2][-]{subsection.3.9}{\376\377\000R\000e\000s\000e\000a\000r\000c\000h\000\040\000i\000s\000s\000u\000e\000s\000\040\000a\000n\000d\000\040\000s\000u\000m\000m\000a\000r\000y}{section.3}% 67
\BOOKMARK [2][-]{subsection.3.10}{\376\377\000P\000a\000p\000e\000r\000\040\000R\000e\000v\000i\000e\000w\000:\000\040\000P\000a\000r\000a\000l\000l\000e\000l\000\040\000A\000l\000g\000o\000r\000i\000t\000h\000m\000s}{section.3}% 68
\BOOKMARK [3][-]{subsubsection.3.10.1}{\376\377\000M\000o\000t\000i\000v\000a\000t\000i\000o\000n}{subsection.3.10}% 69
\BOOKMARK [3][-]{subsubsection.3.10.2}{\376\377\000K\000e\000y\000\040\000I\000d\000e\000a\000s}{subsection.3.10}% 70
\BOOKMARK [3][-]{subsubsection.3.10.3}{\376\377\000R\000e\000s\000u\000l\000t\000s}{subsection.3.10}% 71
\BOOKMARK [3][-]{subsubsection.3.10.4}{\376\377\000N\000o\000v\000e\000l\000t\000y}{subsection.3.10}% 72
\BOOKMARK [1][-]{section.4}{\376\377\000T\000h\000i\000n\000k\000i\000n\000g\000\040\000i\000n\000\040\000P\000a\000r\000a\000l\000l\000e\000l}{}% 73
\BOOKMARK [2][-]{subsection.4.1}{\376\377\000G\000e\000n\000e\000r\000a\000l\000\040\000N\000o\000t\000e\000s}{section.4}% 74
\BOOKMARK [2][-]{subsection.4.2}{\376\377\000P\000a\000p\000e\000r\000\040\000R\000e\000v\000i\000e\000w}{section.4}% 75
\BOOKMARK [3][-]{subsubsection.4.2.1}{\376\377\000M\000o\000t\000i\000v\000a\000t\000i\000o\000n}{subsection.4.2}% 76
\BOOKMARK [3][-]{subsubsection.4.2.2}{\376\377\000K\000e\000y\000\040\000I\000d\000e\000a\000s}{subsection.4.2}% 77
\BOOKMARK [3][-]{subsubsection.4.2.3}{\376\377\000R\000e\000s\000u\000l\000t\000s}{subsection.4.2}% 78
\BOOKMARK [3][-]{subsubsection.4.2.4}{\376\377\000N\000o\000v\000e\000l\000t\000y}{subsection.4.2}% 79
\BOOKMARK [3][-]{subsubsection.4.2.5}{\376\377\000S\000t\000r\000e\000n\000g\000t\000h\000s\000/\000W\000e\000a\000k\000n\000e\000s\000s\000e\000s}{subsection.4.2}% 80
\BOOKMARK [3][-]{subsubsection.4.2.6}{\376\377\000I\000d\000e\000a\000s\000\040\000f\000o\000r\000\040\000I\000m\000p\000r\000o\000v\000i\000n\000g\000\040\000T\000e\000c\000h\000n\000i\000q\000u\000e\000s\000/\000E\000v\000a\000l\000u\000a\000t\000i\000o\000n}{subsection.4.2}% 81
\BOOKMARK [3][-]{subsubsection.4.2.7}{\376\377\000O\000p\000e\000n\000\040\000P\000r\000o\000b\000l\000e\000m\000s\000/\000D\000i\000r\000e\000c\000t\000i\000o\000n\000s\000\040\000f\000o\000r\000\040\000F\000u\000t\000u\000r\000e\000\040\000W\000o\000r\000k}{subsection.4.2}% 82
\BOOKMARK [1][-]{section.5}{\376\377\000P\000a\000r\000a\000l\000l\000e\000l\000\040\000B\000r\000e\000a\000d\000t\000h\000-\000F\000i\000r\000s\000t\000\040\000S\000e\000a\000r\000c\000h\000\040\000o\000n\000\040\000D\000i\000s\000t\000r\000i\000b\000u\000t\000e\000d\000\040\000M\000e\000m\000o\000r\000y\000\040\000S\000y\000s\000t\000e\000m\000s}{}% 83
\BOOKMARK [2][-]{subsection.5.1}{\376\377\000G\000e\000n\000e\000r\000a\000l\000\040\000N\000o\000t\000e\000s}{section.5}% 84
\BOOKMARK [2][-]{subsection.5.2}{\376\377\000P\000a\000p\000e\000r\000\040\000R\000e\000v\000i\000e\000w\000\040\000N\000o\000t\000e\000s}{section.5}% 85
\BOOKMARK [3][-]{subsubsection.5.2.1}{\376\377\000M\000o\000t\000i\000v\000a\000t\000i\000o\000n}{subsection.5.2}% 86
\BOOKMARK [3][-]{subsubsection.5.2.2}{\376\377\000K\000e\000y\000\040\000I\000d\000e\000a\000s}{subsection.5.2}% 87
\BOOKMARK [3][-]{subsubsection.5.2.3}{\376\377\000R\000e\000s\000u\000l\000t\000s}{subsection.5.2}% 88
\BOOKMARK [3][-]{subsubsection.5.2.4}{\376\377\000N\000o\000v\000e\000l\000t\000y}{subsection.5.2}% 89
\BOOKMARK [3][-]{subsubsection.5.2.5}{\376\377\000S\000t\000r\000e\000n\000g\000t\000h\000s\000/\000W\000e\000a\000k\000n\000e\000s\000s\000e\000s}{subsection.5.2}% 90
\BOOKMARK [3][-]{subsubsection.5.2.6}{\376\377\000I\000d\000e\000a\000s\000\040\000f\000o\000r\000\040\000I\000m\000p\000r\000o\000v\000i\000n\000g\000\040\000T\000e\000c\000h\000n\000i\000q\000u\000e\000s\000/\000E\000v\000a\000l\000u\000a\000t\000i\000o\000n}{subsection.5.2}% 91
\BOOKMARK [3][-]{subsubsection.5.2.7}{\376\377\000O\000p\000e\000n\000\040\000P\000r\000o\000b\000l\000e\000m\000s\000/\000D\000i\000r\000e\000c\000t\000i\000o\000n\000s\000\040\000f\000o\000r\000\040\000F\000u\000t\000u\000r\000e\000\040\000W\000o\000r\000k}{subsection.5.2}% 92
\BOOKMARK [2][-]{subsection.5.3}{\376\377\000P\000a\000p\000e\000r\000\040\000R\000e\000v\000i\000e\000w}{section.5}% 93
\BOOKMARK [3][-]{subsubsection.5.3.1}{\376\377\000P\000a\000r\000a\000l\000l\000e\000l\000\040\000B\000r\000e\000a\000d\000t\000h\000-\000F\000i\000r\000s\000t\000\040\000S\000e\000a\000r\000c\000h\000\040\000o\000n\000\040\000D\000i\000s\000t\000r\000i\000b\000u\000t\000e\000d\000\040\000M\000e\000m\000o\000r\000y\000\040\000S\000y\000s\000t\000e\000m\000s}{subsection.5.3}% 94
\BOOKMARK [1][-]{section.6}{\376\377\000A\000\040\000S\000i\000m\000p\000l\000e\000\040\000a\000n\000d\000\040\000P\000r\000a\000c\000t\000i\000c\000a\000l\000\040\000L\000i\000n\000e\000a\000r\000-\000W\000o\000r\000k\000\040\000P\000a\000r\000a\000l\000l\000e\000l\000\040\000A\000l\000g\000o\000r\000i\000t\000h\000m\000\040\000f\000o\000r\000\040\000C\000o\000n\000n\000e\000c\000t\000i\000v\000i\000t\000y}{}% 95
\BOOKMARK [2][-]{subsection.6.1}{\376\377\000G\000e\000n\000e\000r\000a\000l\000\040\000N\000o\000t\000e\000s}{section.6}% 96
\BOOKMARK [2][-]{subsection.6.2}{\376\377\000P\000a\000p\000e\000r\000\040\000R\000e\000v\000i\000e\000w}{section.6}% 97
\BOOKMARK [3][-]{subsubsection.6.2.1}{\376\377\000M\000o\000t\000i\000v\000a\000t\000i\000o\000n}{subsection.6.2}% 98
\BOOKMARK [3][-]{subsubsection.6.2.2}{\376\377\000K\000e\000y\000\040\000I\000d\000e\000a\000s}{subsection.6.2}% 99
\BOOKMARK [3][-]{subsubsection.6.2.3}{\376\377\000R\000e\000s\000u\000l\000t\000s}{subsection.6.2}% 100
\BOOKMARK [3][-]{subsubsection.6.2.4}{\376\377\000N\000o\000v\000e\000l\000t\000y}{subsection.6.2}% 101
\BOOKMARK [3][-]{subsubsection.6.2.5}{\376\377\000S\000t\000r\000e\000n\000g\000t\000h\000s\000/\000W\000e\000a\000k\000n\000e\000s\000s\000e\000s}{subsection.6.2}% 102
\BOOKMARK [3][-]{subsubsection.6.2.6}{\376\377\000I\000d\000e\000a\000s\000\040\000f\000o\000r\000\040\000I\000m\000p\000r\000o\000v\000i\000n\000g\000\040\000T\000e\000c\000h\000n\000i\000q\000u\000e\000s\000/\000E\000v\000a\000l\000u\000a\000t\000i\000o\000n}{subsection.6.2}% 103
\BOOKMARK [3][-]{subsubsection.6.2.7}{\376\377\000O\000p\000e\000n\000\040\000P\000r\000o\000b\000l\000e\000m\000s\000/\000D\000i\000r\000e\000c\000t\000i\000o\000n\000s\000\040\000f\000o\000r\000\040\000F\000u\000t\000u\000r\000e\000\040\000W\000o\000r\000k}{subsection.6.2}% 104
\BOOKMARK [2][-]{subsection.6.3}{\376\377\000P\000a\000p\000e\000r\000\040\000R\000e\000v\000i\000e\000w}{section.6}% 105
\BOOKMARK [3][-]{subsubsection.6.3.1}{\376\377\000A\000\040\000S\000i\000m\000p\000l\000e\000\040\000a\000n\000d\000\040\000P\000r\000a\000c\000t\000i\000c\000a\000l\000\040\000L\000i\000n\000e\000a\000r\000-\000W\000o\000r\000k\000\040\000P\000a\000r\000a\000l\000l\000e\000l\000\040\000A\000l\000g\000o\000r\000i\000t\000h\000m\000\040\000f\000o\000r\000\040\000C\000o\000n\000n\000e\000c\000t\000i\000v\000i\000t\000y}{subsection.6.3}% 106
\BOOKMARK [1][-]{section.7}{\376\377\000S\000h\000a\000r\000e\000d\000\040\000M\000e\000m\000o\000r\000y\000\040\000P\000a\000r\000a\000l\000l\000e\000l\000i\000s\000m\000\040\000c\000a\000n\000\040\000b\000e\000\040\000F\000a\000s\000t\000\040\000a\000n\000d\000\040\000S\000c\000a\000l\000a\000b\000l\000e}{}% 107
\BOOKMARK [2][-]{subsection.7.1}{\376\377\000C\000h\000a\000p\000t\000e\000r\000\040\0007\000:\000\040\000L\000i\000g\000r\000a}{section.7}% 108
\BOOKMARK [1][-]{section.8}{\376\377\000A\000\040\000f\000u\000n\000c\000t\000i\000o\000n\000a\000l\000\040\000a\000p\000p\000r\000o\000a\000c\000h\000\040\000t\000o\000\040\000e\000x\000t\000e\000r\000n\000a\000l\000\040\000g\000r\000a\000p\000h\000\040\000a\000l\000g\000o\000r\000i\000t\000h\000m\000s}{}% 109
\BOOKMARK [2][-]{subsection.8.1}{\376\377\000G\000e\000n\000e\000r\000a\000l\000\040\000N\000o\000t\000e\000s}{section.8}% 110
\BOOKMARK [2][-]{subsection.8.2}{\376\377\000P\000a\000p\000e\000r\000\040\000R\000e\000v\000i\000e\000w}{section.8}% 111
\BOOKMARK [3][-]{subsubsection.8.2.1}{\376\377\000M\000o\000t\000i\000v\000a\000t\000i\000o\000n}{subsection.8.2}% 112
\BOOKMARK [3][-]{subsubsection.8.2.2}{\376\377\000P\000r\000e\000v\000i\000o\000u\000s\000\040\000a\000p\000p\000r\000o\000a\000c\000h\000e\000s}{subsection.8.2}% 113
\BOOKMARK [3][-]{subsubsection.8.2.3}{\376\377\000K\000e\000y\000\040\000I\000d\000e\000a\000s}{subsection.8.2}% 114
\BOOKMARK [3][-]{subsubsection.8.2.4}{\376\377\000R\000e\000s\000u\000l\000t\000s}{subsection.8.2}% 115
\BOOKMARK [3][-]{subsubsection.8.2.5}{\376\377\000N\000o\000v\000e\000l\000t\000y}{subsection.8.2}% 116
\BOOKMARK [3][-]{subsubsection.8.2.6}{\376\377\000S\000t\000r\000e\000n\000g\000t\000h\000s\000/\000W\000e\000a\000k\000n\000e\000s\000s\000e\000s}{subsection.8.2}% 117
\BOOKMARK [3][-]{subsubsection.8.2.7}{\376\377\000I\000d\000e\000a\000s\000\040\000f\000o\000r\000\040\000I\000m\000p\000r\000o\000v\000i\000n\000g\000\040\000T\000e\000c\000h\000n\000i\000q\000u\000e\000s\000/\000E\000v\000a\000l\000u\000a\000t\000i\000o\000n}{subsection.8.2}% 118
\BOOKMARK [3][-]{subsubsection.8.2.8}{\376\377\000O\000p\000e\000n\000\040\000P\000r\000o\000b\000l\000e\000m\000s\000/\000D\000i\000r\000e\000c\000t\000i\000o\000n\000s\000\040\000f\000o\000r\000\040\000F\000u\000t\000u\000r\000e\000\040\000W\000o\000r\000k}{subsection.8.2}% 119
\BOOKMARK [2][-]{subsection.8.3}{\376\377\000P\000a\000p\000e\000r\000\040\000R\000e\000v\000i\000e\000w}{section.8}% 120
\BOOKMARK [3][-]{subsubsection.8.3.1}{\376\377\000A\000\040\000f\000u\000n\000c\000t\000i\000o\000n\000a\000l\000\040\000a\000p\000p\000r\000o\000a\000c\000h\000\040\000t\000o\000\040\000e\000x\000t\000e\000r\000n\000a\000l\000\040\000g\000r\000a\000p\000h\000\040\000a\000l\000g\000o\000r\000i\000t\000h\000m\000s}{subsection.8.3}% 121
\BOOKMARK [1][-]{section.9}{\376\377\000T\000h\000e\000\040\000I\000n\000p\000u\000t\000/\000O\000u\000t\000p\000u\000t\000\040\000c\000o\000m\000p\000l\000e\000x\000i\000t\000y\000\040\000o\000f\000\040\000s\000o\000r\000t\000i\000n\000g\000\040\000a\000n\000d\000\040\000r\000e\000l\000a\000t\000e\000d\000\040\000p\000r\000o\000b\000l\000e\000m\000s}{}% 122
\BOOKMARK [2][-]{subsection.9.1}{\376\377\000P\000a\000p\000e\000r\000\040\000n\000o\000t\000e\000s}{section.9}% 123
\BOOKMARK [1][-]{section.10}{\376\377\000C\000a\000c\000h\000e\000\040\000o\000b\000l\000i\000v\000i\000o\000u\000s\000\040\000a\000l\000g\000o\000r\000i\000t\000h\000m\000s}{}% 124
\BOOKMARK [2][-]{subsection.10.1}{\376\377\000G\000e\000n\000e\000r\000a\000l\000\040\000N\000o\000t\000e\000s}{section.10}% 125
\BOOKMARK [2][-]{subsection.10.2}{\376\377\000P\000a\000p\000e\000r\000\040\000R\000e\000v\000i\000e\000w}{section.10}% 126
\BOOKMARK [3][-]{subsubsection.10.2.1}{\376\377\000C\000a\000c\000h\000e\000\040\000o\000b\000l\000i\000v\000i\000o\000u\000s\000\040\000a\000l\000g\000o\000r\000i\000t\000h\000m\000s}{subsection.10.2}% 127
\BOOKMARK [1][-]{section.11}{\376\377\000E\000n\000g\000i\000n\000e\000e\000r\000i\000n\000g\000\040\000a\000\040\000c\000a\000c\000h\000e\000-\000o\000b\000l\000i\000v\000i\000o\000u\000s\000\040\000s\000o\000r\000t\000i\000n\000g\000\040\000a\000l\000g\000o\000r\000i\000t\000h\000m}{}% 128
\BOOKMARK [2][-]{subsection.11.1}{\376\377\000G\000e\000n\000e\000r\000a\000l\000\040\000N\000o\000t\000e\000s}{section.11}% 129
\BOOKMARK [2][-]{subsection.11.2}{\376\377\000P\000a\000p\000e\000r\000\040\000R\000e\000v\000i\000e\000w}{section.11}% 130
\BOOKMARK [1][-]{section.12}{\376\377\000E\000n\000g\000i\000n\000e\000e\000r\000i\000n\000g\000\040\000i\000n\000-\000p\000l\000a\000c\000e\000\040\000s\000h\000a\000r\000e\000d\000-\000m\000e\000m\000o\000r\000y\000\040\000s\000o\000r\000t\000i\000n\000g\000\040\000a\000l\000g\000o\000r\000i\000t\000h\000m\000s}{}% 131
\BOOKMARK [2][-]{subsection.12.1}{\376\377\000G\000e\000n\000e\000r\000a\000l\000\040\000N\000o\000t\000e\000s}{section.12}% 132
\BOOKMARK [2][-]{subsection.12.2}{\376\377\000P\000a\000p\000e\000r\000\040\000R\000e\000v\000i\000e\000w}{section.12}% 133
\BOOKMARK [3][-]{subsubsection.12.2.1}{\376\377\000E\000n\000g\000i\000n\000e\000e\000r\000i\000n\000g\000\040\000i\000n\000-\000p\000l\000a\000c\000e\000\040\000s\000h\000a\000r\000e\000d\000-\000m\000e\000m\000o\000r\000y\000\040\000s\000o\000r\000t\000i\000n\000g\000\040\000a\000l\000g\000o\000r\000i\000t\000h\000m\000s}{subsection.12.2}% 134
\BOOKMARK [1][-]{section.13}{\376\377\000P\000r\000e\000g\000e\000l\000:\000\040\000A\000\040\000s\000y\000s\000t\000e\000m\000\040\000f\000o\000r\000\040\000l\000a\000r\000g\000e\000-\000s\000c\000a\000l\000e\000\040\000g\000r\000a\000p\000h\000\040\000p\000r\000o\000c\000e\000s\000s\000i\000n\000g}{}% 135
\BOOKMARK [1][-]{section.14}{\376\377\000G\000r\000a\000p\000h\000C\000h\000i\000:\000\040\000L\000a\000r\000g\000e\000-\000S\000c\000a\000l\000e\000\040\000G\000r\000a\000p\000h\000\040\000C\000o\000m\000p\000u\000t\000a\000t\000i\000o\000n\000\040\000o\000n\000\040\000J\000u\000s\000t\000\040\000a\000\040\000P\000C}{}% 136
